La génération a démarré 30/09/2010 11:50:59.
     1>Projet "Z:\TP02-C++\TP02-C++\TP02-C++.vcxproj" sur le nœud 2 (build cible(s)).
     1>InitializeBuildStatus:
         Création de "Debug\TP02-C++.unsuccessfulbuild", car "AlwaysCreate" a été spécifié.
       ClCompile:
         C:\Program Files\Microsoft Visual Studio 10.0\VC\bin\CL.exe /c /ZI /nologo /W3 /WX- /Od /Oy- /D WIN32 /D _DEBUG /D _CONSOLE /D _UNICODE /D UNICODE /Gm /EHsc /RTC1 /MDd /GS /fp:precise /Zc:wchar_t /Zc:forScope /Fo"Debug\\" /Fd"Debug\vc100.pdb" /Gd /TP /analyze- /errorReport:prompt "Z:\4INFO\Tp-c++\main.cpp"
         main.cpp
       ManifestResourceCompile:
         Toutes les sorties sont à jour.
       Link:
         C:\Program Files\Microsoft Visual Studio 10.0\VC\bin\link.exe /ERRORREPORT:PROMPT /OUT:"Z:\TP02-C++\Debug\TP02-C++.exe" /INCREMENTAL /NOLOGO kernel32.lib user32.lib gdi32.lib winspool.lib comdlg32.lib advapi32.lib shell32.lib ole32.lib oleaut32.lib uuid.lib odbc32.lib odbccp32.lib /MANIFEST /ManifestFile:"Debug\TP02-C++.exe.intermediate.manifest" /MANIFESTUAC:"level='asInvoker' uiAccess='false'" /DEBUG /PDB:"Z:\TP02-C++\Debug\TP02-C++.pdb" /SUBSYSTEM:CONSOLE /TLBID:1 /DYNAMICBASE /NXCOMPAT /IMPLIB:"Z:\TP02-C++\Debug\TP02-C++.lib" /MACHINE:X86 "Debug\TP02-C++.exe.embed.manifest.res"
         Debug\chaine.obj
         Debug\main.obj
       Manifest:
         C:\Program Files\Microsoft SDKs\Windows\v7.0A\bin\mt.exe /nologo /verbose /out:"Debug\TP02-C++.exe.embed.manifest" /manifest "Debug\TP02-C++.exe.intermediate.manifest"
         Toutes les sorties sont à jour.
       LinkEmbedManifest:
         Toutes les sorties sont à jour.
         TP02-C++.vcxproj -> Z:\TP02-C++\Debug\TP02-C++.exe
       FinalizeBuildStatus:
         Suppression du fichier "Debug\TP02-C++.unsuccessfulbuild".
         Mise à jour de l'horodatage "Debug\TP02-C++.lastbuildstate".
     1>Génération du projet "Z:\TP02-C++\TP02-C++\TP02-C++.vcxproj" terminée (build cible(s)).

La génération a réussi.

Temps écoulé 00:00:09.25
