La génération a démarré 05/12/2010 20:37:19.
     1>Projet "C:\Users\Nicolas\Documents\INSA\canonnoirtd\CanonNoir\CanonNoir\CanonNoir.vcxproj" sur le nœud 2 (build cible(s)).
     1>InitializeBuildStatus:
         Mise à jour de l'horodatage "Debug\CanonNoir.unsuccessfulbuild".
       ClCompile:
         C:\Program Files (x86)\Microsoft Visual Studio 10.0\VC\bin\CL.exe /c /ZI /nologo /W3 /WX- /Od /Oy- /D WIN32 /D _DEBUG /D _WINDOWS /D _UNICODE /D UNICODE /Gm /EHsc /RTC1 /MDd /GS /fp:precise /Zc:wchar_t /Zc:forScope /Fo"Debug\\" /Fd"Debug\vc100.pdb" /Gd /TP /analyze- /errorReport:prompt AttenteNbJoueurs.cpp Bateau.cpp Caravelle.cpp Case.cpp CaseCanon.cpp CaseNormale.cpp CasePort.cpp CaseTresor.cpp ChoisirPort.cpp Etat.cpp Facade.cpp Fregate.cpp Joueur.cpp LancerDes.cpp LancerDesDeplacement.cpp Moteur.cpp Navigation.cpp PartieGagnee.cpp Plateau.cpp Radeau.cpp SetOrdreJoueurs.cpp TirCanon.cpp TirCanonDuel.cpp TirCanonUnique.cpp
         TirCanonUnique.cpp
     1>c:\users\nicolas\documents\insa\canonnoirtd\canonnoir\canonnoir\tircanonunique.cpp(9): error C2504: 'TirerCanon' : classe de base non définie
     1>c:\users\nicolas\documents\insa\canonnoirtd\canonnoir\canonnoir\tircanonunique.cpp(27): error C2144: erreur de syntaxe : 'void' doit être précédé de ';'
     1>c:\users\nicolas\documents\insa\canonnoirtd\canonnoir\canonnoir\tircanonunique.cpp(27): error C4430: spécificateur de type manquant - int est pris en compte par défaut. Remarque : C++ ne prend pas en charge int par défaut
     1>c:\users\nicolas\documents\insa\canonnoirtd\canonnoir\canonnoir\tircanonunique.cpp(27): error C2061: erreur de syntaxe : identificateur 'object'
     1>c:\users\nicolas\documents\insa\canonnoirtd\canonnoir\canonnoir\tircanonunique.cpp(28): error C2144: erreur de syntaxe : 'void' doit être précédé de ';'
     1>c:\users\nicolas\documents\insa\canonnoirtd\canonnoir\canonnoir\tircanonunique.cpp(28): error C4430: spécificateur de type manquant - int est pris en compte par défaut. Remarque : C++ ne prend pas en charge int par défaut
         TirCanonDuel.cpp
     1>c:\users\nicolas\documents\insa\canonnoirtd\canonnoir\canonnoir\tircanonduel.cpp(9): error C2504: 'TirerCanon' : classe de base non définie
     1>c:\users\nicolas\documents\insa\canonnoirtd\canonnoir\canonnoir\tircanonduel.cpp(30): error C2144: erreur de syntaxe : 'void' doit être précédé de ';'
     1>c:\users\nicolas\documents\insa\canonnoirtd\canonnoir\canonnoir\tircanonduel.cpp(30): error C4430: spécificateur de type manquant - int est pris en compte par défaut. Remarque : C++ ne prend pas en charge int par défaut
     1>c:\users\nicolas\documents\insa\canonnoirtd\canonnoir\canonnoir\tircanonduel.cpp(31): error C2061: erreur de syntaxe : identificateur 'object'
         TirCanon.cpp
     1>c:\users\nicolas\documents\insa\canonnoirtd\canonnoir\canonnoir\tircanon.cpp(9): error C2504: 'Etat' : classe de base non définie
     1>c:\users\nicolas\documents\insa\canonnoirtd\canonnoir\canonnoir\tircanon.cpp(17): error C2143: erreur de syntaxe : absence de ';' avant '<'
     1>c:\users\nicolas\documents\insa\canonnoirtd\canonnoir\canonnoir\tircanon.cpp(17): error C4430: spécificateur de type manquant - int est pris en compte par défaut. Remarque : C++ ne prend pas en charge int par défaut
     1>c:\users\nicolas\documents\insa\canonnoirtd\canonnoir\canonnoir\tircanon.cpp(17): error C2238: jetons inattendus avant ';'
     1>c:\users\nicolas\documents\insa\canonnoirtd\canonnoir\canonnoir\tircanon.cpp(18): error C2143: erreur de syntaxe : absence de ';' avant '<'
     1>c:\users\nicolas\documents\insa\canonnoirtd\canonnoir\canonnoir\tircanon.cpp(18): error C4430: spécificateur de type manquant - int est pris en compte par défaut. Remarque : C++ ne prend pas en charge int par défaut
     1>c:\users\nicolas\documents\insa\canonnoirtd\canonnoir\canonnoir\tircanon.cpp(18): error C2238: jetons inattendus avant ';'
     1>c:\users\nicolas\documents\insa\canonnoirtd\canonnoir\canonnoir\tircanon.cpp(34): error C2144: erreur de syntaxe : 'void' doit être précédé de ';'
     1>c:\users\nicolas\documents\insa\canonnoirtd\canonnoir\canonnoir\tircanon.cpp(34): error C4430: spécificateur de type manquant - int est pris en compte par défaut. Remarque : C++ ne prend pas en charge int par défaut
     1>c:\users\nicolas\documents\insa\canonnoirtd\canonnoir\canonnoir\tircanon.cpp(35): error C2061: erreur de syntaxe : identificateur 'object'
     1>c:\users\nicolas\documents\insa\canonnoirtd\canonnoir\canonnoir\tircanon.cpp(36): error C2061: erreur de syntaxe : identificateur 'object'
     1>c:\users\nicolas\documents\insa\canonnoirtd\canonnoir\canonnoir\tircanon.cpp(37): error C2061: erreur de syntaxe : identificateur 'object'
     1>c:\users\nicolas\documents\insa\canonnoirtd\canonnoir\canonnoir\tircanon.cpp(39): error C2365: 'TirerCanon::tirReussi' : redéfinition ; la précédente définition était 'données membres'
                 c:\users\nicolas\documents\insa\canonnoirtd\canonnoir\canonnoir\tircanon.cpp(16) : voir la déclaration de 'TirerCanon::tirReussi'
     1>c:\users\nicolas\documents\insa\canonnoirtd\canonnoir\canonnoir\tircanon.cpp(41): error C2059: erreur de syntaxe : '['
     1>c:\users\nicolas\documents\insa\canonnoirtd\canonnoir\canonnoir\tircanon.cpp(41): error C2238: jetons inattendus avant ';'
     1>c:\users\nicolas\documents\insa\canonnoirtd\canonnoir\canonnoir\tircanon.cpp(43): error C2143: erreur de syntaxe : absence de ';' avant '<'
     1>c:\users\nicolas\documents\insa\canonnoirtd\canonnoir\canonnoir\tircanon.cpp(43): error C2433: 'TirerCanon::vector' : 'virtual' non autorisé sur les déclarations de données
     1>c:\users\nicolas\documents\insa\canonnoirtd\canonnoir\canonnoir\tircanon.cpp(43): error C4430: spécificateur de type manquant - int est pris en compte par défaut. Remarque : C++ ne prend pas en charge int par défaut
     1>c:\users\nicolas\documents\insa\canonnoirtd\canonnoir\canonnoir\tircanon.cpp(43): error C2238: jetons inattendus avant ';'
         SetOrdreJoueurs.cpp
     1>c:\users\nicolas\documents\insa\canonnoirtd\canonnoir\canonnoir\setordrejoueurs.cpp(9): error C2504: 'LancerDes' : classe de base non définie
     1>c:\users\nicolas\documents\insa\canonnoirtd\canonnoir\canonnoir\setordrejoueurs.cpp(27): error C2061: erreur de syntaxe : identificateur 'object'
     1>c:\users\nicolas\documents\insa\canonnoirtd\canonnoir\canonnoir\setordrejoueurs.cpp(29): error C2144: erreur de syntaxe : 'void' doit être précédé de ';'
     1>c:\users\nicolas\documents\insa\canonnoirtd\canonnoir\canonnoir\setordrejoueurs.cpp(29): error C4430: spécificateur de type manquant - int est pris en compte par défaut. Remarque : C++ ne prend pas en charge int par défaut
         Radeau.cpp
     1>c:\users\nicolas\documents\insa\canonnoirtd\canonnoir\canonnoir\radeau.cpp(9): error C2504: 'Bateau' : classe de base non définie
     1>c:\users\nicolas\documents\insa\canonnoirtd\canonnoir\canonnoir\radeau.cpp(27): error C2144: erreur de syntaxe : 'void' doit être précédé de ';'
     1>c:\users\nicolas\documents\insa\canonnoirtd\canonnoir\canonnoir\radeau.cpp(27): error C4430: spécificateur de type manquant - int est pris en compte par défaut. Remarque : C++ ne prend pas en charge int par défaut
     1>c:\users\nicolas\documents\insa\canonnoirtd\canonnoir\canonnoir\radeau.cpp(28): error C2144: erreur de syntaxe : 'void' doit être précédé de ';'
     1>c:\users\nicolas\documents\insa\canonnoirtd\canonnoir\canonnoir\radeau.cpp(28): error C4430: spécificateur de type manquant - int est pris en compte par défaut. Remarque : C++ ne prend pas en charge int par défaut
         Plateau.cpp
     1>c:\users\nicolas\documents\insa\canonnoirtd\canonnoir\canonnoir\etat.h(18): error C2146: erreur de syntaxe : absence de ';' avant l'identificateur 'message'
     1>c:\users\nicolas\documents\insa\canonnoirtd\canonnoir\canonnoir\etat.h(18): error C4430: spécificateur de type manquant - int est pris en compte par défaut. Remarque : C++ ne prend pas en charge int par défaut
     1>c:\users\nicolas\documents\insa\canonnoirtd\canonnoir\canonnoir\etat.h(18): error C4430: spécificateur de type manquant - int est pris en compte par défaut. Remarque : C++ ne prend pas en charge int par défaut
     1>c:\users\nicolas\documents\insa\canonnoirtd\canonnoir\canonnoir\etat.h(29): error C2061: erreur de syntaxe : identificateur 'String'
     1>c:\users\nicolas\documents\insa\canonnoirtd\canonnoir\canonnoir\case.h(31): error C2365: 'Case::estNavigable' : redéfinition ; la précédente définition était 'données membres'
                 c:\users\nicolas\documents\insa\canonnoirtd\canonnoir\canonnoir\case.h(15) : voir la déclaration de 'Case::estNavigable'
     1>c:\users\nicolas\documents\insa\canonnoirtd\canonnoir\canonnoir\etat.h(9): error C2011: 'Etat' : redéfinition du type 'class'
                 c:\users\nicolas\documents\insa\canonnoirtd\canonnoir\canonnoir\etat.h(9) : voir la déclaration de 'Etat'
     1>c:\users\nicolas\documents\insa\canonnoirtd\canonnoir\canonnoir\plateau.cpp(11): error C2011: 'Plateau' : redéfinition du type 'class'
                 c:\users\nicolas\documents\insa\canonnoirtd\canonnoir\canonnoir\plateau.h(11) : voir la déclaration de 'Plateau'
         PartieGagnee.cpp
     1>c:\users\nicolas\documents\insa\canonnoirtd\canonnoir\canonnoir\partiegagnee.cpp(9): error C2504: 'Etat' : classe de base non définie
     1>c:\users\nicolas\documents\insa\canonnoirtd\canonnoir\canonnoir\partiegagnee.cpp(29): error C2144: erreur de syntaxe : 'void' doit être précédé de ';'
     1>c:\users\nicolas\documents\insa\canonnoirtd\canonnoir\canonnoir\partiegagnee.cpp(29): error C4430: spécificateur de type manquant - int est pris en compte par défaut. Remarque : C++ ne prend pas en charge int par défaut
         Navigation.cpp
     1>c:\users\nicolas\documents\insa\canonnoirtd\canonnoir\canonnoir\navigation.cpp(9): error C2504: 'Etat' : classe de base non définie
     1>c:\users\nicolas\documents\insa\canonnoirtd\canonnoir\canonnoir\navigation.cpp(27): error C2144: erreur de syntaxe : 'void' doit être précédé de ';'
     1>c:\users\nicolas\documents\insa\canonnoirtd\canonnoir\canonnoir\navigation.cpp(27): error C4430: spécificateur de type manquant - int est pris en compte par défaut. Remarque : C++ ne prend pas en charge int par défaut
     1>c:\users\nicolas\documents\insa\canonnoirtd\canonnoir\canonnoir\navigation.cpp(28): error C2143: erreur de syntaxe : absence de ';' avant '<'
     1>c:\users\nicolas\documents\insa\canonnoirtd\canonnoir\canonnoir\navigation.cpp(28): error C2433: 'Navigation::vector' : 'virtual' non autorisé sur les déclarations de données
     1>c:\users\nicolas\documents\insa\canonnoirtd\canonnoir\canonnoir\navigation.cpp(28): error C4430: spécificateur de type manquant - int est pris en compte par défaut. Remarque : C++ ne prend pas en charge int par défaut
     1>c:\users\nicolas\documents\insa\canonnoirtd\canonnoir\canonnoir\navigation.cpp(28): error C2238: jetons inattendus avant ';'
     1>c:\users\nicolas\documents\insa\canonnoirtd\canonnoir\canonnoir\navigation.cpp(29): error C2061: erreur de syntaxe : identificateur 'object'
         Moteur.cpp
     1>c:\users\nicolas\documents\insa\canonnoirtd\canonnoir\canonnoir\moteur.cpp(13): error C2059: erreur de syntaxe : '['
     1>c:\users\nicolas\documents\insa\canonnoirtd\canonnoir\canonnoir\moteur.cpp(13): error C2238: jetons inattendus avant ';'
     1>c:\users\nicolas\documents\insa\canonnoirtd\canonnoir\canonnoir\moteur.cpp(30): error C2061: erreur de syntaxe : identificateur 'object'
     1>c:\users\nicolas\documents\insa\canonnoirtd\canonnoir\canonnoir\moteur.cpp(31): error C2061: erreur de syntaxe : identificateur 'object'
     1>c:\users\nicolas\documents\insa\canonnoirtd\canonnoir\canonnoir\moteur.cpp(32): error C2061: erreur de syntaxe : identificateur 'object'
         LancerDesDeplacement.cpp
     1>c:\users\nicolas\documents\insa\canonnoirtd\canonnoir\canonnoir\lancerdesdeplacement.cpp(9): error C2504: 'LancerDes' : classe de base non définie
     1>c:\users\nicolas\documents\insa\canonnoirtd\canonnoir\canonnoir\lancerdesdeplacement.cpp(28): error C2144: erreur de syntaxe : 'void' doit être précédé de ';'
     1>c:\users\nicolas\documents\insa\canonnoirtd\canonnoir\canonnoir\lancerdesdeplacement.cpp(28): error C4430: spécificateur de type manquant - int est pris en compte par défaut. Remarque : C++ ne prend pas en charge int par défaut
         LancerDes.cpp
     1>c:\users\nicolas\documents\insa\canonnoirtd\canonnoir\canonnoir\etat.h(18): error C2146: erreur de syntaxe : absence de ';' avant l'identificateur 'message'
     1>c:\users\nicolas\documents\insa\canonnoirtd\canonnoir\canonnoir\etat.h(18): error C4430: spécificateur de type manquant - int est pris en compte par défaut. Remarque : C++ ne prend pas en charge int par défaut
     1>c:\users\nicolas\documents\insa\canonnoirtd\canonnoir\canonnoir\etat.h(18): error C4430: spécificateur de type manquant - int est pris en compte par défaut. Remarque : C++ ne prend pas en charge int par défaut
     1>c:\users\nicolas\documents\insa\canonnoirtd\canonnoir\canonnoir\etat.h(29): error C2061: erreur de syntaxe : identificateur 'String'
     1>c:\users\nicolas\documents\insa\canonnoirtd\canonnoir\canonnoir\lancerdes.cpp(9): error C2011: 'LancerDes' : redéfinition du type 'class'
                 c:\users\nicolas\documents\insa\canonnoirtd\canonnoir\canonnoir\lancerdes.h(9) : voir la déclaration de 'LancerDes'
         Joueur.cpp
     1>c:\users\nicolas\documents\insa\canonnoirtd\canonnoir\canonnoir\joueur.cpp(30): error C2182: 'getNum' : utilisation non conforme du type 'void'
     1>c:\users\nicolas\documents\insa\canonnoirtd\canonnoir\canonnoir\joueur.cpp(30): error C2433: 'Joueur::getNum' : 'virtual' non autorisé sur les déclarations de données
     1>c:\users\nicolas\documents\insa\canonnoirtd\canonnoir\canonnoir\joueur.cpp(30): error C2149: 'Joueur::getNum' : un champ de bits nommé ne peut pas avoir une largeur égale à zéro
         Fregate.cpp
     1>c:\users\nicolas\documents\insa\canonnoirtd\canonnoir\canonnoir\fregate.cpp(9): error C2504: 'Bateau' : classe de base non définie
     1>c:\users\nicolas\documents\insa\canonnoirtd\canonnoir\canonnoir\fregate.cpp(27): error C2144: erreur de syntaxe : 'void' doit être précédé de ';'
     1>c:\users\nicolas\documents\insa\canonnoirtd\canonnoir\canonnoir\fregate.cpp(27): error C4430: spécificateur de type manquant - int est pris en compte par défaut. Remarque : C++ ne prend pas en charge int par défaut
     1>c:\users\nicolas\documents\insa\canonnoirtd\canonnoir\canonnoir\fregate.cpp(28): error C2144: erreur de syntaxe : 'void' doit être précédé de ';'
     1>c:\users\nicolas\documents\insa\canonnoirtd\canonnoir\canonnoir\fregate.cpp(28): error C4430: spécificateur de type manquant - int est pris en compte par défaut. Remarque : C++ ne prend pas en charge int par défaut
         Facade.cpp
     1>c:\users\nicolas\documents\insa\canonnoirtd\canonnoir\canonnoir\facade.cpp(30): error C2143: erreur de syntaxe : absence de ';' avant '<'
     1>c:\users\nicolas\documents\insa\canonnoirtd\canonnoir\canonnoir\facade.cpp(30): error C2433: 'Facade::vector' : 'virtual' non autorisé sur les déclarations de données
     1>c:\users\nicolas\documents\insa\canonnoirtd\canonnoir\canonnoir\facade.cpp(30): error C4430: spécificateur de type manquant - int est pris en compte par défaut. Remarque : C++ ne prend pas en charge int par défaut
     1>c:\users\nicolas\documents\insa\canonnoirtd\canonnoir\canonnoir\facade.cpp(30): error C2238: jetons inattendus avant ';'
     1>c:\users\nicolas\documents\insa\canonnoirtd\canonnoir\canonnoir\facade.cpp(31): error C2146: erreur de syntaxe : absence de ';' avant l'identificateur 'getMessage'
     1>c:\users\nicolas\documents\insa\canonnoirtd\canonnoir\canonnoir\facade.cpp(31): error C2433: 'Facade::string' : 'virtual' non autorisé sur les déclarations de données
     1>c:\users\nicolas\documents\insa\canonnoirtd\canonnoir\canonnoir\facade.cpp(31): error C4430: spécificateur de type manquant - int est pris en compte par défaut. Remarque : C++ ne prend pas en charge int par défaut
     1>c:\users\nicolas\documents\insa\canonnoirtd\canonnoir\canonnoir\facade.cpp(31): error C4430: spécificateur de type manquant - int est pris en compte par défaut. Remarque : C++ ne prend pas en charge int par défaut
     1>c:\users\nicolas\documents\insa\canonnoirtd\canonnoir\canonnoir\facade.cpp(31): warning C4183: 'getMessage' : type de retour manquant ; fonction membre retournant 'int' prise par défaut
     1>c:\users\nicolas\documents\insa\canonnoirtd\canonnoir\canonnoir\facade.cpp(32): error C2059: erreur de syntaxe : '['
     1>c:\users\nicolas\documents\insa\canonnoirtd\canonnoir\canonnoir\facade.cpp(32): error C2238: jetons inattendus avant ';'
     1>c:\users\nicolas\documents\insa\canonnoirtd\canonnoir\canonnoir\facade.cpp(35): error C2143: erreur de syntaxe : absence de ';' avant '<'
     1>c:\users\nicolas\documents\insa\canonnoirtd\canonnoir\canonnoir\facade.cpp(35): error C2433: 'Facade::vector' : 'virtual' non autorisé sur les déclarations de données
     1>c:\users\nicolas\documents\insa\canonnoirtd\canonnoir\canonnoir\facade.cpp(35): error C4430: spécificateur de type manquant - int est pris en compte par défaut. Remarque : C++ ne prend pas en charge int par défaut
     1>c:\users\nicolas\documents\insa\canonnoirtd\canonnoir\canonnoir\facade.cpp(35): error C2238: jetons inattendus avant ';'
     1>c:\users\nicolas\documents\insa\canonnoirtd\canonnoir\canonnoir\facade.cpp(42): error C2059: erreur de syntaxe : '['
     1>c:\users\nicolas\documents\insa\canonnoirtd\canonnoir\canonnoir\facade.cpp(42): error C2238: jetons inattendus avant ';'
     1>c:\users\nicolas\documents\insa\canonnoirtd\canonnoir\canonnoir\facade.cpp(44): error C2061: erreur de syntaxe : identificateur 'object'
     1>c:\users\nicolas\documents\insa\canonnoirtd\canonnoir\canonnoir\facade.cpp(45): error C2059: erreur de syntaxe : '['
     1>c:\users\nicolas\documents\insa\canonnoirtd\canonnoir\canonnoir\facade.cpp(45): error C2238: jetons inattendus avant ';'
     1>c:\users\nicolas\documents\insa\canonnoirtd\canonnoir\canonnoir\facade.cpp(50): error C2061: erreur de syntaxe : identificateur 'object'
     1>c:\users\nicolas\documents\insa\canonnoirtd\canonnoir\canonnoir\facade.cpp(51): error C2061: erreur de syntaxe : identificateur 'object'
     1>c:\users\nicolas\documents\insa\canonnoirtd\canonnoir\canonnoir\facade.cpp(53): error C2061: erreur de syntaxe : identificateur 'object'
     1>c:\users\nicolas\documents\insa\canonnoirtd\canonnoir\canonnoir\facade.cpp(54): error C2061: erreur de syntaxe : identificateur 'object'
         Etat.cpp
     1>c:\users\nicolas\documents\insa\canonnoirtd\canonnoir\canonnoir\etat.cpp(18): error C2146: erreur de syntaxe : absence de ';' avant l'identificateur 'message'
     1>c:\users\nicolas\documents\insa\canonnoirtd\canonnoir\canonnoir\etat.cpp(18): error C4430: spécificateur de type manquant - int est pris en compte par défaut. Remarque : C++ ne prend pas en charge int par défaut
     1>c:\users\nicolas\documents\insa\canonnoirtd\canonnoir\canonnoir\etat.cpp(18): error C4430: spécificateur de type manquant - int est pris en compte par défaut. Remarque : C++ ne prend pas en charge int par défaut
     1>c:\users\nicolas\documents\insa\canonnoirtd\canonnoir\canonnoir\etat.cpp(29): error C2061: erreur de syntaxe : identificateur 'object'
         ChoisirPort.cpp
     1>c:\users\nicolas\documents\insa\canonnoirtd\canonnoir\canonnoir\choisirport.cpp(9): error C2504: 'Etat' : classe de base non définie
     1>c:\users\nicolas\documents\insa\canonnoirtd\canonnoir\canonnoir\choisirport.cpp(12): error C2059: erreur de syntaxe : '['
     1>c:\users\nicolas\documents\insa\canonnoirtd\canonnoir\canonnoir\choisirport.cpp(12): error C2238: jetons inattendus avant ';'
     1>c:\users\nicolas\documents\insa\canonnoirtd\canonnoir\canonnoir\choisirport.cpp(28): error C2144: erreur de syntaxe : 'void' doit être précédé de ';'
     1>c:\users\nicolas\documents\insa\canonnoirtd\canonnoir\canonnoir\choisirport.cpp(28): error C4430: spécificateur de type manquant - int est pris en compte par défaut. Remarque : C++ ne prend pas en charge int par défaut
     1>c:\users\nicolas\documents\insa\canonnoirtd\canonnoir\canonnoir\choisirport.cpp(29): error C2061: erreur de syntaxe : identificateur 'object'
     1>c:\users\nicolas\documents\insa\canonnoirtd\canonnoir\canonnoir\choisirport.cpp(30): error C2059: erreur de syntaxe : '['
     1>c:\users\nicolas\documents\insa\canonnoirtd\canonnoir\canonnoir\choisirport.cpp(30): error C2238: jetons inattendus avant ';'
         CaseTresor.cpp
     1>c:\users\nicolas\documents\insa\canonnoirtd\canonnoir\canonnoir\casetresor.cpp(9): error C2504: 'Case' : classe de base non définie
     1>c:\users\nicolas\documents\insa\canonnoirtd\canonnoir\canonnoir\casetresor.cpp(28): error C2182: 'getNbTresors' : utilisation non conforme du type 'void'
     1>c:\users\nicolas\documents\insa\canonnoirtd\canonnoir\canonnoir\casetresor.cpp(28): error C2433: 'CaseTresor::getNbTresors' : 'virtual' non autorisé sur les déclarations de données
     1>c:\users\nicolas\documents\insa\canonnoirtd\canonnoir\canonnoir\casetresor.cpp(28): error C2149: 'CaseTresor::getNbTresors' : un champ de bits nommé ne peut pas avoir une largeur égale à zéro
     1>c:\users\nicolas\documents\insa\canonnoirtd\canonnoir\canonnoir\casetresor.cpp(29): error C2146: erreur de syntaxe : absence de ';' avant l'identificateur 'Etat'
     1>c:\users\nicolas\documents\insa\canonnoirtd\canonnoir\canonnoir\casetresor.cpp(29): error C4430: spécificateur de type manquant - int est pris en compte par défaut. Remarque : C++ ne prend pas en charge int par défaut
     1>c:\users\nicolas\documents\insa\canonnoirtd\canonnoir\canonnoir\casetresor.cpp(29): error C2146: erreur de syntaxe : absence de ';' avant l'identificateur 'getEtat'
     1>c:\users\nicolas\documents\insa\canonnoirtd\canonnoir\canonnoir\casetresor.cpp(29): error C4430: spécificateur de type manquant - int est pris en compte par défaut. Remarque : C++ ne prend pas en charge int par défaut
     1>c:\users\nicolas\documents\insa\canonnoirtd\canonnoir\canonnoir\casetresor.cpp(29): error C4430: spécificateur de type manquant - int est pris en compte par défaut. Remarque : C++ ne prend pas en charge int par défaut
     1>c:\users\nicolas\documents\insa\canonnoirtd\canonnoir\canonnoir\casetresor.cpp(29): warning C4183: 'getEtat' : type de retour manquant ; fonction membre retournant 'int' prise par défaut
         CasePort.cpp
     1>c:\users\nicolas\documents\insa\canonnoirtd\canonnoir\canonnoir\caseport.cpp(9): error C2504: 'Case' : classe de base non définie
     1>c:\users\nicolas\documents\insa\canonnoirtd\canonnoir\canonnoir\caseport.cpp(29): error C2144: erreur de syntaxe : 'bool' doit être précédé de ';'
     1>c:\users\nicolas\documents\insa\canonnoirtd\canonnoir\canonnoir\caseport.cpp(29): error C4430: spécificateur de type manquant - int est pris en compte par défaut. Remarque : C++ ne prend pas en charge int par défaut
     1>c:\users\nicolas\documents\insa\canonnoirtd\canonnoir\canonnoir\caseport.cpp(30): error C2146: erreur de syntaxe : absence de ';' avant l'identificateur 'Etat'
     1>c:\users\nicolas\documents\insa\canonnoirtd\canonnoir\canonnoir\caseport.cpp(30): error C4430: spécificateur de type manquant - int est pris en compte par défaut. Remarque : C++ ne prend pas en charge int par défaut
     1>c:\users\nicolas\documents\insa\canonnoirtd\canonnoir\canonnoir\caseport.cpp(30): error C2146: erreur de syntaxe : absence de ';' avant l'identificateur 'getEtat'
     1>c:\users\nicolas\documents\insa\canonnoirtd\canonnoir\canonnoir\caseport.cpp(30): error C4430: spécificateur de type manquant - int est pris en compte par défaut. Remarque : C++ ne prend pas en charge int par défaut
     1>c:\users\nicolas\documents\insa\canonnoirtd\canonnoir\canonnoir\caseport.cpp(30): error C4430: spécificateur de type manquant - int est pris en compte par défaut. Remarque : C++ ne prend pas en charge int par défaut
     1>c:\users\nicolas\documents\insa\canonnoirtd\canonnoir\canonnoir\caseport.cpp(30): warning C4183: 'getEtat' : type de retour manquant ; fonction membre retournant 'int' prise par défaut
         CaseNormale.cpp
     1>c:\users\nicolas\documents\insa\canonnoirtd\canonnoir\canonnoir\casenormale.h(10): error C2504: 'Case' : classe de base non définie
     1>c:\users\nicolas\documents\insa\canonnoirtd\canonnoir\canonnoir\casenormale.h(21): error C2146: erreur de syntaxe : absence de ';' avant l'identificateur 'getEtat'
     1>c:\users\nicolas\documents\insa\canonnoirtd\canonnoir\canonnoir\casenormale.h(21): error C4430: spécificateur de type manquant - int est pris en compte par défaut. Remarque : C++ ne prend pas en charge int par défaut
     1>c:\users\nicolas\documents\insa\canonnoirtd\canonnoir\canonnoir\casenormale.h(21): error C4430: spécificateur de type manquant - int est pris en compte par défaut. Remarque : C++ ne prend pas en charge int par défaut
     1>c:\users\nicolas\documents\insa\canonnoirtd\canonnoir\canonnoir\casenormale.h(21): warning C4183: 'getEtat' : type de retour manquant ; fonction membre retournant 'int' prise par défaut
     1>c:\users\nicolas\documents\insa\canonnoirtd\canonnoir\canonnoir\etat.h(18): error C2146: erreur de syntaxe : absence de ';' avant l'identificateur 'message'
     1>c:\users\nicolas\documents\insa\canonnoirtd\canonnoir\canonnoir\etat.h(18): error C4430: spécificateur de type manquant - int est pris en compte par défaut. Remarque : C++ ne prend pas en charge int par défaut
     1>c:\users\nicolas\documents\insa\canonnoirtd\canonnoir\canonnoir\etat.h(18): error C4430: spécificateur de type manquant - int est pris en compte par défaut. Remarque : C++ ne prend pas en charge int par défaut
     1>c:\users\nicolas\documents\insa\canonnoirtd\canonnoir\canonnoir\etat.h(29): error C2061: erreur de syntaxe : identificateur 'String'
     1>c:\users\nicolas\documents\insa\canonnoirtd\canonnoir\canonnoir\case.h(31): error C2365: 'Case::estNavigable' : redéfinition ; la précédente définition était 'données membres'
                 c:\users\nicolas\documents\insa\canonnoirtd\canonnoir\canonnoir\case.h(15) : voir la déclaration de 'Case::estNavigable'
     1>c:\users\nicolas\documents\insa\canonnoirtd\canonnoir\canonnoir\lancerdesdeplacement.h(7): warning C4067: jetons inattendus après la directive du préprocesseur - saut de ligne attendu
     1>c:\users\nicolas\documents\insa\canonnoirtd\canonnoir\canonnoir\etat.h(9): error C2011: 'Etat' : redéfinition du type 'class'
                 c:\users\nicolas\documents\insa\canonnoirtd\canonnoir\canonnoir\etat.h(9) : voir la déclaration de 'Etat'
     1>c:\users\nicolas\documents\insa\canonnoirtd\canonnoir\canonnoir\lancerdes.h(10): error C2504: 'Etat' : classe de base non définie
     1>c:\users\nicolas\documents\insa\canonnoirtd\canonnoir\canonnoir\casenormale.cpp(11): error C2011: 'CaseNormale' : redéfinition du type 'class'
                 c:\users\nicolas\documents\insa\canonnoirtd\canonnoir\canonnoir\casenormale.h(9) : voir la déclaration de 'CaseNormale'
         CaseCanon.cpp
     1>c:\users\nicolas\documents\insa\canonnoirtd\canonnoir\canonnoir\etat.h(18): error C2146: erreur de syntaxe : absence de ';' avant l'identificateur 'message'
     1>c:\users\nicolas\documents\insa\canonnoirtd\canonnoir\canonnoir\etat.h(18): error C4430: spécificateur de type manquant - int est pris en compte par défaut. Remarque : C++ ne prend pas en charge int par défaut
     1>c:\users\nicolas\documents\insa\canonnoirtd\canonnoir\canonnoir\etat.h(18): error C4430: spécificateur de type manquant - int est pris en compte par défaut. Remarque : C++ ne prend pas en charge int par défaut
     1>c:\users\nicolas\documents\insa\canonnoirtd\canonnoir\canonnoir\etat.h(29): error C2061: erreur de syntaxe : identificateur 'String'
     1>c:\users\nicolas\documents\insa\canonnoirtd\canonnoir\canonnoir\etat.h(9): error C2011: 'Etat' : redéfinition du type 'class'
                 c:\users\nicolas\documents\insa\canonnoirtd\canonnoir\canonnoir\etat.h(9) : voir la déclaration de 'Etat'
     1>c:\users\nicolas\documents\insa\canonnoirtd\canonnoir\canonnoir\case.h(31): error C2365: 'Case::estNavigable' : redéfinition ; la précédente définition était 'données membres'
                 c:\users\nicolas\documents\insa\canonnoirtd\canonnoir\canonnoir\case.h(15) : voir la déclaration de 'Case::estNavigable'
         Génération de code en cours...
         Compilation en cours...
         Case.cpp
     1>c:\users\nicolas\documents\insa\canonnoirtd\canonnoir\canonnoir\etat.h(18): error C2146: erreur de syntaxe : absence de ';' avant l'identificateur 'message'
     1>c:\users\nicolas\documents\insa\canonnoirtd\canonnoir\canonnoir\etat.h(18): error C4430: spécificateur de type manquant - int est pris en compte par défaut. Remarque : C++ ne prend pas en charge int par défaut
     1>c:\users\nicolas\documents\insa\canonnoirtd\canonnoir\canonnoir\etat.h(18): error C4430: spécificateur de type manquant - int est pris en compte par défaut. Remarque : C++ ne prend pas en charge int par défaut
     1>c:\users\nicolas\documents\insa\canonnoirtd\canonnoir\canonnoir\etat.h(29): error C2061: erreur de syntaxe : identificateur 'String'
     1>c:\users\nicolas\documents\insa\canonnoirtd\canonnoir\canonnoir\case.h(31): error C2365: 'Case::estNavigable' : redéfinition ; la précédente définition était 'données membres'
                 c:\users\nicolas\documents\insa\canonnoirtd\canonnoir\canonnoir\case.h(15) : voir la déclaration de 'Case::estNavigable'
     1>c:\users\nicolas\documents\insa\canonnoirtd\canonnoir\canonnoir\case.cpp(11): error C2011: 'Case' : redéfinition du type 'class'
                 c:\users\nicolas\documents\insa\canonnoirtd\canonnoir\canonnoir\case.h(12) : voir la déclaration de 'Case'
         Caravelle.cpp
     1>c:\users\nicolas\documents\insa\canonnoirtd\canonnoir\canonnoir\caravelle.cpp(9): error C2504: 'Bateau' : classe de base non définie
     1>c:\users\nicolas\documents\insa\canonnoirtd\canonnoir\canonnoir\caravelle.cpp(27): error C2144: erreur de syntaxe : 'void' doit être précédé de ';'
     1>c:\users\nicolas\documents\insa\canonnoirtd\canonnoir\canonnoir\caravelle.cpp(27): error C4430: spécificateur de type manquant - int est pris en compte par défaut. Remarque : C++ ne prend pas en charge int par défaut
     1>c:\users\nicolas\documents\insa\canonnoirtd\canonnoir\canonnoir\caravelle.cpp(28): error C2144: erreur de syntaxe : 'void' doit être précédé de ';'
     1>c:\users\nicolas\documents\insa\canonnoirtd\canonnoir\canonnoir\caravelle.cpp(28): error C4430: spécificateur de type manquant - int est pris en compte par défaut. Remarque : C++ ne prend pas en charge int par défaut
         Bateau.cpp
     1>c:\users\nicolas\documents\insa\canonnoirtd\canonnoir\canonnoir\bateau.cpp(19): error C2143: erreur de syntaxe : absence de ';' avant '<'
     1>c:\users\nicolas\documents\insa\canonnoirtd\canonnoir\canonnoir\bateau.cpp(19): error C4430: spécificateur de type manquant - int est pris en compte par défaut. Remarque : C++ ne prend pas en charge int par défaut
     1>c:\users\nicolas\documents\insa\canonnoirtd\canonnoir\canonnoir\bateau.cpp(19): error C2238: jetons inattendus avant ';'
     1>c:\users\nicolas\documents\insa\canonnoirtd\canonnoir\canonnoir\bateau.cpp(20): error C2143: erreur de syntaxe : absence de ';' avant '<'
     1>c:\users\nicolas\documents\insa\canonnoirtd\canonnoir\canonnoir\bateau.cpp(20): error C4430: spécificateur de type manquant - int est pris en compte par défaut. Remarque : C++ ne prend pas en charge int par défaut
     1>c:\users\nicolas\documents\insa\canonnoirtd\canonnoir\canonnoir\bateau.cpp(20): error C2238: jetons inattendus avant ';'
     1>c:\users\nicolas\documents\insa\canonnoirtd\canonnoir\canonnoir\bateau.cpp(37): error C2365: 'Bateau::tresorABord' : redéfinition ; la précédente définition était 'données membres'
                 c:\users\nicolas\documents\insa\canonnoirtd\canonnoir\canonnoir\bateau.cpp(18) : voir la déclaration de 'Bateau::tresorABord'
     1>c:\users\nicolas\documents\insa\canonnoirtd\canonnoir\canonnoir\bateau.cpp(41): error C2143: erreur de syntaxe : absence de ';' avant '<'
     1>c:\users\nicolas\documents\insa\canonnoirtd\canonnoir\canonnoir\bateau.cpp(41): error C2433: 'Bateau::pair' : 'virtual' non autorisé sur les déclarations de données
     1>c:\users\nicolas\documents\insa\canonnoirtd\canonnoir\canonnoir\bateau.cpp(41): error C4430: spécificateur de type manquant - int est pris en compte par défaut. Remarque : C++ ne prend pas en charge int par défaut
     1>c:\users\nicolas\documents\insa\canonnoirtd\canonnoir\canonnoir\bateau.cpp(41): error C2238: jetons inattendus avant ';'
     1>c:\users\nicolas\documents\insa\canonnoirtd\canonnoir\canonnoir\bateau.cpp(42): error C2143: erreur de syntaxe : absence de ';' avant '<'
     1>c:\users\nicolas\documents\insa\canonnoirtd\canonnoir\canonnoir\bateau.cpp(42): error C2433: 'Bateau::pair' : 'virtual' non autorisé sur les déclarations de données
     1>c:\users\nicolas\documents\insa\canonnoirtd\canonnoir\canonnoir\bateau.cpp(42): error C4430: spécificateur de type manquant - int est pris en compte par défaut. Remarque : C++ ne prend pas en charge int par défaut
     1>c:\users\nicolas\documents\insa\canonnoirtd\canonnoir\canonnoir\bateau.cpp(42): error C2238: jetons inattendus avant ';'
         AttenteNbJoueurs.cpp
     1>c:\users\nicolas\documents\insa\canonnoirtd\canonnoir\canonnoir\attentenbjoueurs.cpp(7): warning C4067: jetons inattendus après la directive du préprocesseur - saut de ligne attendu
     1>c:\users\nicolas\documents\insa\canonnoirtd\canonnoir\canonnoir\etat.h(18): error C2146: erreur de syntaxe : absence de ';' avant l'identificateur 'message'
     1>c:\users\nicolas\documents\insa\canonnoirtd\canonnoir\canonnoir\etat.h(18): error C4430: spécificateur de type manquant - int est pris en compte par défaut. Remarque : C++ ne prend pas en charge int par défaut
     1>c:\users\nicolas\documents\insa\canonnoirtd\canonnoir\canonnoir\etat.h(18): error C4430: spécificateur de type manquant - int est pris en compte par défaut. Remarque : C++ ne prend pas en charge int par défaut
     1>c:\users\nicolas\documents\insa\canonnoirtd\canonnoir\canonnoir\etat.h(29): error C2061: erreur de syntaxe : identificateur 'String'
         Génération de code en cours...
     1>Génération du projet "C:\Users\Nicolas\Documents\INSA\canonnoirtd\CanonNoir\CanonNoir\CanonNoir.vcxproj" terminée (build cible(s)) -- ÉCHEC.

ÉCHEC de la build.

Temps écoulé 00:00:03.47
